kotlin version: 2.3.20
error message: Failed connecting to the daemon in 4 retries

error message: org.jetbrains.kotlin.util.KotlinFrontEndException: Exception while analyzing expression in (813,1) in C:/Users/khatib/AndroidStudioProjects/devz/app/src/main/java/com/mohamed/devz/feature/question/presentation/question_details/QuestionDetailsScreen.kt
	at org.jetbrains.kotlin.types.expressions.ExpressionTypingVisitorDispatcher.logOrThrowException(ExpressionTypingVisitorDispatcher.java:261)
	at org.jetbrains.kotlin.types.expressions.ExpressionTypingVisitorDispatcher.lambda$getTypeInfo$0(ExpressionTypingVisitorDispatcher.java:225)
	at org.jetbrains.kotlin.util.PerformanceCounter.time(PerformanceCounter.kt:90)
	at org.jetbrains.kotlin.types.expressions.ExpressionTypingVisitorDispatcher.getTypeInfo(ExpressionTypingVisitorDispatcher.java:164)
	at org.jetbrains.kotlin.types.expressions.ExpressionTypingVisitorDispatcher.getTypeInfo(ExpressionTypingVisitorDispatcher.java:134)
	at org.jetbrains.kotlin.types.expressions.ExpressionTypingServices.getTypeInfo(ExpressionTypingServices.java:126)
	at org.jetbrains.kotlin.resolve.calls.tower.PSICallResolver.resolveValueArgument(PSICallResolver.kt:783)
	at org.jetbrains.kotlin.resolve.calls.tower.PSICallResolver.resolveArgumentsInParenthesis(PSICallResolver.kt:719)
	at org.jetbrains.kotlin.resolve.calls.tower.PSICallResolver.toKotlinCall(PSICallResolver.kt:578)
	at org.jetbrains.kotlin.resolve.calls.tower.PSICallResolver.runResolutionAndInferenceForGivenCandidates(PSICallResolver.kt:147)
	at org.jetbrains.kotlin.resolve.calls.CallResolver.doResolveCallOrGetCachedResults(CallResolver.java:608)
	at org.jetbrains.kotlin.resolve.calls.CallResolver.lambda$computeTasksFromCandidatesAndResolvedCall$1(CallResolver.java:237)
	at org.jetbrains.kotlin.util.PerformanceCounter.time(PerformanceCounter.kt:90)
	at org.jetbrains.kotlin.resolve.calls.CallResolver.computeTasksFromCandidatesAndResolvedCall(CallResolver.java:233)
	at org.jetbrains.kotlin.resolve.calls.CallResolver.computeTasksFromCandidatesAndResolvedCall(CallResolver.java:223)
	at org.jetbrains.kotlin.resolve.calls.CallResolver.resolveConstructorCall(CallResolver.java:422)
	at org.jetbrains.kotlin.resolve.calls.CallResolver.resolveCallForConstructor(CallResolver.java:407)
	at org.jetbrains.kotlin.resolve.calls.CallResolver.resolveFunctionCall(CallResolver.java:334)
	at org.jetbrains.kotlin.resolve.calls.CallResolver.resolveFunctionCall(CallResolver.java:303)
	at org.jetbrains.kotlin.resolve.AnnotationResolverImpl.resolveAnnotationCall(AnnotationResolverImpl.java:167)
	at org.jetbrains.kotlin.resolve.lazy.descriptors.LazyAnnotationDescriptor.valueArgumentsWithSourceInfo_delegate$lambda$0(LazyAnnotations.kt:107)
	at org.jetbrains.kotlin.storage.LockBasedStorageManager$LockBasedLazyValue.invoke(LockBasedStorageManager.java:408)
	at org.jetbrains.kotlin.storage.LockBasedStorageManager$LockBasedNotNullLazyValue.invoke(LockBasedStorageManager.java:527)
	at org.jetbrains.kotlin.storage.StorageKt.getValue(storage.kt:42)
	at org.jetbrains.kotlin.resolve.lazy.descriptors.LazyAnnotationDescriptor.getValueArgumentsWithSourceInfo(LazyAnnotations.kt:106)
	at org.jetbrains.kotlin.resolve.lazy.descriptors.LazyAnnotationDescriptor.allValueArguments_delegate$lambda$0(LazyAnnotations.kt:121)
	at org.jetbrains.kotlin.storage.LockBasedStorageManager$LockBasedLazyValue.invoke(LockBasedStorageManager.java:408)
	at org.jetbrains.kotlin.storage.LockBasedStorageManager$LockBasedNotNullLazyValue.invoke(LockBasedStorageManager.java:527)
	at org.jetbrains.kotlin.storage.StorageKt.getValue(storage.kt:42)
	at org.jetbrains.kotlin.resolve.lazy.descriptors.LazyAnnotationDescriptor.getAllValueArguments(LazyAnnotations.kt:120)
	at org.jetbrains.kotlin.resolve.lazy.descriptors.LazyAnnotationDescriptor.forceResolveAllContents(LazyAnnotations.kt:138)
	at org.jetbrains.kotlin.resolve.lazy.ForceResolveUtil.doForceResolveAllContents(ForceResolveUtil.java:78)
	at org.jetbrains.kotlin.resolve.lazy.ForceResolveUtil.forceResolveAllContents(ForceResolveUtil.java:69)
	at org.jetbrains.kotlin.resolve.LazyTopDownAnalyzer.createFunctionDescriptors(LazyTopDownAnalyzer.kt:290)
	at org.jetbrains.kotlin.resolve.LazyTopDownAnalyzer.analyzeDeclarations(LazyTopDownAnalyzer.kt:208)
	at org.jetbrains.kotlin.resolve.LazyTopDownAnalyzer.analyzeDeclarations$default(LazyTopDownAnalyzer.kt:60)
	at org.jetbrains.kotlin.cli.jvm.compiler.TopDownAnalyzerFacadeForJVM.analyzeFilesWithJavaIntegration(TopDownAnalyzerFacadeForJVM.kt:123)
	at org.jetbrains.kotlin.cli.jvm.compiler.TopDownAnalyzerFacadeForJVM.analyzeFilesWithJavaIntegration$default(TopDownAnalyzerFacadeForJVM.kt:79)
	at org.jetbrains.kotlin.cli.jvm.compiler.KotlinToJVMBytecodeCompiler.analyze$lambda$0(KotlinToJVMBytecodeCompiler.kt:333)
	at org.jetbrains.kotlin.cli.common.messages.AnalyzerWithCompilerReport.analyzeAndReport(AnalyzerWithCompilerReport.kt:112)
	at org.jetbrains.kotlin.cli.jvm.compiler.KotlinToJVMBytecodeCompiler.analyze(KotlinToJVMBytecodeCompiler.kt:323)
	at org.jetbrains.kotlin.cli.jvm.compiler.KotlinToJVMBytecodeCompiler.runFrontendAndGenerateIrUsingClassicFrontend(KotlinToJVMBytecodeCompiler.kt:172)
	at org.jetbrains.kotlin.cli.jvm.compiler.KotlinToJVMBytecodeCompiler.compileModules$cli(KotlinToJVMBytecodeCompiler.kt:83)
	at org.jetbrains.kotlin.cli.jvm.K2JVMCompiler.doExecute(K2JVMCompiler.kt:165)
	at org.jetbrains.kotlin.cli.jvm.K2JVMCompiler.doExecute(K2JVMCompiler.kt:42)
	at org.jetbrains.kotlin.cli.common.CLICompiler.execImpl(CLICompiler.kt:125)
	at org.jetbrains.kotlin.cli.common.CLICompiler.exec(CLICompiler.kt:363)
	at org.jetbrains.kotlin.incremental.IncrementalJvmCompilerRunnerBase.runCompiler(IncrementalJvmCompilerRunnerBase.kt:210)
	at org.jetbrains.kotlin.incremental.IncrementalJvmCompilerRunnerBase.runCompiler(IncrementalJvmCompilerRunnerBase.kt:52)
	at org.jetbrains.kotlin.incremental.IncrementalCompilerRunner.doCompile(IncrementalCompilerRunner.kt:510)
	at org.jetbrains.kotlin.incremental.IncrementalCompilerRunner.compileImpl(IncrementalCompilerRunner.kt:422)
	at org.jetbrains.kotlin.incremental.IncrementalCompilerRunner.compileNonIncrementally(IncrementalCompilerRunner.kt:304)
	at org.jetbrains.kotlin.incremental.IncrementalCompilerRunner.compile(IncrementalCompilerRunner.kt:131)
	at org.jetbrains.kotlin.buildtools.internal.jvm.operations.JvmCompilationOperationImpl.compileInProcess(JvmCompilationOperationImpl.kt:423)
	at org.jetbrains.kotlin.buildtools.internal.jvm.operations.JvmCompilationOperationImpl.compileInProcess(JvmCompilationOperationImpl.kt:337)
	at org.jetbrains.kotlin.buildtools.internal.jvm.operations.JvmCompilationOperationImpl.executeCancellableImpl(JvmCompilationOperationImpl.kt:149)
	at org.jetbrains.kotlin.buildtools.internal.jvm.operations.JvmCompilationOperationImpl.executeCancellableImpl(JvmCompilationOperationImpl.kt:69)
	at org.jetbrains.kotlin.buildtools.internal.CancellableBuildOperationImpl.executeImpl(CancellableBuildOperationImpl.kt:58)
	at org.jetbrains.kotlin.buildtools.internal.BuildOperationImpl.execute(BuildOperationImpl.kt:34)
	at org.jetbrains.kotlin.buildtools.internal.KotlinToolchainsImpl$BuildSessionImpl.executeOperation$lambda$1(KotlinToolchainsImpl.kt:70)
	at java.base/java.util.concurrent.FutureTask.run(Unknown Source)
	at java.base/java.util.concurrent.ThreadPoolExecutor.runWorker(Unknown Source)
	at java.base/java.util.concurrent.ThreadPoolExecutor$Worker.run(Unknown Source)
	at java.base/java.lang.Thread.run(Unknown Source)
Caused by: java.lang.IllegalStateException: @NotNull method org/jetbrains/kotlin/com/intellij/openapi/application/AsyncExecutionService.getService must not return null
	at org.jetbrains.kotlin.com.intellij.openapi.application.AsyncExecutionService.$$$reportNull$$$0(AsyncExecutionService.java)
	at org.jetbrains.kotlin.com.intellij.openapi.application.AsyncExecutionService.getService(AsyncExecutionService.java:31)
	at org.jetbrains.kotlin.com.intellij.openapi.application.AppUIExecutor.onWriteThread(AppUIExecutor.java:41)
	at org.jetbrains.kotlin.com.intellij.psi.impl.source.PsiFileImpl.rebuildStub(PsiFileImpl.java:1098)
	at org.jetbrains.kotlin.com.intellij.psi.impl.source.FileTrees.reconcilePsi(FileTrees.java:199)
	at org.jetbrains.kotlin.com.intellij.psi.impl.source.FileTrees.withAst(FileTrees.java:142)
	at org.jetbrains.kotlin.com.intellij.psi.impl.source.PsiFileImpl.loadTreeElement(PsiFileImpl.java:225)
	at org.jetbrains.kotlin.com.intellij.psi.impl.source.PsiFileImpl.calcTreeElement(PsiFileImpl.java:840)
	at org.jetbrains.kotlin.com.intellij.extapi.psi.StubBasedPsiElementBase.getNode(StubBasedPsiElementBase.java:133)
	at org.jetbrains.kotlin.types.expressions.BasicExpressionTypingVisitor.visitConstantExpression(BasicExpressionTypingVisitor.java:208)
	at org.jetbrains.kotlin.types.expressions.ExpressionTypingVisitorDispatcher.visitConstantExpression(ExpressionTypingVisitorDispatcher.java:351)
	at org.jetbrains.kotlin.types.expressions.ExpressionTypingVisitorDispatcher$ForDeclarations.visitConstantExpression(ExpressionTypingVisitorDispatcher.java:46)
	at org.jetbrains.kotlin.psi.KtConstantExpression.accept(KtConstantExpression.java:27)
	at org.jetbrains.kotlin.types.expressions.ExpressionTypingVisitorDispatcher.lambda$getTypeInfo$0(ExpressionTypingVisitorDispatcher.java:175)
	... 62 more


